2025-03-17 13:11:17,300 [Worker-1: Loading available Gradle versions] INFO  o.e.b.c.i.u.g.PublishedGradleVersions - Gradle version information cache is out-of-date. Trying to update.
2025-03-17 13:13:05,028 [Worker-9: Import Getting Started Content] INFO  o.e.m.c.i.l.LifecycleMappingFactory - Using org.eclipse.m2e.jdt.JarLifecycleMapping lifecycle mapping for MavenProject: com.app:todo-management:0.0.1-SNAPSHOT @ E:\Projects\to-do-management\todo-management\pom.xml.
2025-03-17 13:13:07,926 [Worker-9: Import Getting Started Content] INFO  o.e.m.j.i.AbstractJavaProjectConfigurator - Adding source folder /todo-management/src/main/java
2025-03-17 13:13:07,928 [Worker-9: Import Getting Started Content] INFO  o.e.m.j.i.AbstractJavaProjectConfigurator - Adding resource folder /todo-management/src/main/resources
2025-03-17 13:13:07,946 [Worker-9: Import Getting Started Content] INFO  o.e.m.j.i.AbstractJavaProjectConfigurator - Adding resource folder /todo-management/src/main/resources
2025-03-17 13:13:07,961 [Worker-9: Import Getting Started Content] INFO  o.e.m.j.i.AbstractJavaProjectConfigurator - Adding source folder /todo-management/src/test/java
2025-03-17 13:13:07,963 [Worker-9: Import Getting Started Content] INFO  o.e.m.j.i.AbstractJavaProjectConfigurator - Adding resource folder /todo-management/src/test/resources
2025-03-17 13:13:09,216 [Worker-9: Import Getting Started Content] INFO  o.e.m.c.i.p.ProjectConfigurationManager - Imported and configured 1 project(s) in 7 sec
2025-03-17 13:13:09,219 [Worker-9: Import Getting Started Content] INFO  o.e.m.c.i.p.ProjectConfigurationManager - Update started
2025-03-17 13:13:11,177 [Worker-9: Import Getting Started Content] INFO  o.e.m.c.i.l.LifecycleMappingFactory - Using org.eclipse.m2e.jdt.JarLifecycleMapping lifecycle mapping for MavenProject: com.app:todo-management:0.0.1-SNAPSHOT @ E:\Projects\to-do-management\todo-management\pom.xml.
2025-03-17 13:13:13,507 [Worker-9: Import Getting Started Content] INFO  o.e.m.j.i.AbstractJavaProjectConfigurator - Adding source folder /todo-management/src/main/java
2025-03-17 13:13:13,510 [Worker-9: Import Getting Started Content] INFO  o.e.m.j.i.AbstractJavaProjectConfigurator - Adding resource folder /todo-management/src/main/resources
2025-03-17 13:13:13,513 [Worker-9: Import Getting Started Content] INFO  o.e.m.j.i.AbstractJavaProjectConfigurator - Adding resource folder /todo-management/src/main/resources
2025-03-17 13:13:13,514 [Worker-9: Import Getting Started Content] INFO  o.e.m.j.i.AbstractJavaProjectConfigurator - Adding source folder /todo-management/src/test/java
2025-03-17 13:13:13,515 [Worker-9: Import Getting Started Content] INFO  o.e.m.j.i.AbstractJavaProjectConfigurator - Adding resource folder /todo-management/src/test/resources
2025-03-17 13:13:15,297 [Worker-9: Import Getting Started Content] INFO  o.e.m.c.i.p.ProjectConfigurationManager - Update completed for 1 poms: local refresh takes 0.00 sec, refresh facades takes 4.00 sec, update config takes 0.00 sec 
2025-03-17 13:13:18,669 [Worker-0: Building] INFO  o.a.m.s.f.DefaultMavenResourcesFiltering - Copying 1 resource from src\main\resources to target\classes
2025-03-17 13:13:18,723 [Worker-0: Building] INFO  o.a.m.s.f.DefaultMavenResourcesFiltering - Copying 0 resource from src\main\resources to target\classes
2025-03-17 13:13:18,736 [Worker-0: Building] INFO  o.a.m.s.f.DefaultMavenResourcesFiltering - skip non existing resourceDirectory E:\Projects\to-do-management\todo-management\src\test\resources
2025-03-17 13:15:21,287 [Worker-7: Building] INFO  o.a.m.s.f.DefaultMavenResourcesFiltering - Copying 1 resource from src\main\resources to target\classes
2025-03-17 13:15:21,300 [Worker-7: Building] INFO  o.a.m.s.f.DefaultMavenResourcesFiltering - Copying 0 resource from src\main\resources to target\classes
2025-03-17 13:15:21,305 [Worker-7: Building] INFO  o.a.m.s.f.DefaultMavenResourcesFiltering - skip non existing resourceDirectory E:\Projects\to-do-management\todo-management\src\test\resources
2025-03-17 13:18:39,598 [Worker-4: Building] INFO  o.a.m.s.f.DefaultMavenResourcesFiltering - Copying 1 resource from src\main\resources to target\classes
2025-03-17 13:18:39,617 [Worker-4: Building] INFO  o.a.m.s.f.DefaultMavenResourcesFiltering - Copying 0 resource from src\main\resources to target\classes
2025-03-17 13:18:39,622 [Worker-4: Building] INFO  o.a.m.s.f.DefaultMavenResourcesFiltering - skip non existing resourceDirectory E:\Projects\to-do-management\todo-management\src\test\resources
2025-03-17 14:31:02,287 [Worker-17: Building] INFO  o.a.m.s.f.DefaultMavenResourcesFiltering - Copying 1 resource from src\main\resources to target\classes
2025-03-17 14:31:02,330 [Worker-17: Building] INFO  o.a.m.s.f.DefaultMavenResourcesFiltering - Copying 0 resource from src\main\resources to target\classes
2025-03-17 14:31:02,335 [Worker-17: Building] INFO  o.a.m.s.f.DefaultMavenResourcesFiltering - skip non existing resourceDirectory E:\Projects\to-do-management\todo-management\src\test\resources
2025-03-17 14:36:09,976 [Worker-17: Download sources and javadoc] INFO  o.e.m.j.internal.DownloadSourcesJob - Downloaded sources for org.springframework.boot:spring-boot-starter-data-jpa:3.4.3
2025-03-17 14:36:09,990 [Worker-17: Download sources and javadoc] INFO  o.e.m.j.internal.DownloadSourcesJob - Downloaded sources for org.springframework.boot:spring-boot-starter:3.4.3
2025-03-17 14:36:10,004 [Worker-17: Download sources and javadoc] INFO  o.e.m.j.internal.DownloadSourcesJob - Downloaded sources for org.springframework.boot:spring-boot:3.4.3
2025-03-17 14:36:10,021 [Worker-17: Download sources and javadoc] INFO  o.e.m.j.internal.DownloadSourcesJob - Downloaded sources for org.springframework.boot:spring-boot-autoconfigure:3.4.3
2025-03-17 14:36:10,038 [Worker-17: Download sources and javadoc] INFO  o.e.m.j.internal.DownloadSourcesJob - Downloaded sources for org.springframework.boot:spring-boot-starter-logging:3.4.3
2025-03-17 14:36:10,061 [Worker-17: Download sources and javadoc] INFO  o.e.m.j.internal.DownloadSourcesJob - Downloaded sources for ch.qos.logback:logback-classic:1.5.16
2025-03-17 14:36:10,082 [Worker-17: Download sources and javadoc] INFO  o.e.m.j.internal.DownloadSourcesJob - Downloaded sources for ch.qos.logback:logback-core:1.5.16
2025-03-17 14:36:10,093 [Worker-17: Download sources and javadoc] INFO  o.e.m.j.internal.DownloadSourcesJob - Downloaded sources for org.apache.logging.log4j:log4j-to-slf4j:2.24.3
2025-03-17 14:36:10,105 [Worker-17: Download sources and javadoc] INFO  o.e.m.j.internal.DownloadSourcesJob - Downloaded sources for org.apache.logging.log4j:log4j-api:2.24.3
2025-03-17 14:36:10,119 [Worker-17: Download sources and javadoc] INFO  o.e.m.j.internal.DownloadSourcesJob - Downloaded sources for org.slf4j:jul-to-slf4j:2.0.16
2025-03-17 14:36:10,132 [Worker-17: Download sources and javadoc] INFO  o.e.m.j.internal.DownloadSourcesJob - Downloaded sources for jakarta.annotation:jakarta.annotation-api:2.1.1
2025-03-17 14:36:10,144 [Worker-17: Download sources and javadoc] INFO  o.e.m.j.internal.DownloadSourcesJob - Downloaded sources for org.yaml:snakeyaml:2.3
2025-03-17 14:36:10,156 [Worker-17: Download sources and javadoc] INFO  o.e.m.j.internal.DownloadSourcesJob - Downloaded sources for org.springframework.boot:spring-boot-starter-jdbc:3.4.3
2025-03-17 14:36:10,167 [Worker-17: Download sources and javadoc] INFO  o.e.m.j.internal.DownloadSourcesJob - Downloaded sources for com.zaxxer:HikariCP:5.1.0
2025-03-17 14:36:10,181 [Worker-17: Download sources and javadoc] INFO  o.e.m.j.internal.DownloadSourcesJob - Downloaded sources for org.springframework:spring-jdbc:6.2.3
2025-03-17 14:36:10,197 [Worker-17: Download sources and javadoc] INFO  o.e.m.j.internal.DownloadSourcesJob - Downloaded sources for org.hibernate.orm:hibernate-core:6.6.8.Final
2025-03-17 14:36:10,216 [Worker-17: Download sources and javadoc] INFO  o.e.m.j.internal.DownloadSourcesJob - Downloaded sources for jakarta.persistence:jakarta.persistence-api:3.1.0
2025-03-17 14:36:10,236 [Worker-17: Download sources and javadoc] INFO  o.e.m.j.internal.DownloadSourcesJob - Downloaded sources for jakarta.transaction:jakarta.transaction-api:2.0.1
2025-03-17 14:36:10,255 [Worker-17: Download sources and javadoc] INFO  o.e.m.j.internal.DownloadSourcesJob - Downloaded sources for org.jboss.logging:jboss-logging:3.6.1.Final
2025-03-17 14:36:10,274 [Worker-17: Download sources and javadoc] INFO  o.e.m.j.internal.DownloadSourcesJob - Downloaded sources for org.hibernate.common:hibernate-commons-annotations:7.0.3.Final
2025-03-17 14:36:10,290 [Worker-17: Download sources and javadoc] INFO  o.e.m.j.internal.DownloadSourcesJob - Downloaded sources for io.smallrye:jandex:3.2.0
2025-03-17 14:36:10,308 [Worker-17: Download sources and javadoc] INFO  o.e.m.j.internal.DownloadSourcesJob - Downloaded sources for com.fasterxml:classmate:1.7.0
2025-03-17 14:36:10,329 [Worker-17: Download sources and javadoc] INFO  o.e.m.j.internal.DownloadSourcesJob - Downloaded sources for net.bytebuddy:byte-buddy:1.15.11
2025-03-17 14:36:10,348 [Worker-17: Download sources and javadoc] INFO  o.e.m.j.internal.DownloadSourcesJob - Downloaded sources for org.glassfish.jaxb:jaxb-runtime:4.0.5
2025-03-17 14:36:10,361 [Worker-17: Download sources and javadoc] INFO  o.e.m.j.internal.DownloadSourcesJob - Downloaded sources for org.glassfish.jaxb:jaxb-core:4.0.5
2025-03-17 14:36:10,378 [Worker-17: Download sources and javadoc] INFO  o.e.m.j.internal.DownloadSourcesJob - Downloaded sources for org.eclipse.angus:angus-activation:2.0.2
2025-03-17 14:36:10,395 [Worker-17: Download sources and javadoc] INFO  o.e.m.j.internal.DownloadSourcesJob - Downloaded sources for org.glassfish.jaxb:txw2:4.0.5
2025-03-17 14:36:10,418 [Worker-17: Download sources and javadoc] INFO  o.e.m.j.internal.DownloadSourcesJob - Downloaded sources for com.sun.istack:istack-commons-runtime:4.1.2
2025-03-17 14:36:10,438 [Worker-17: Download sources and javadoc] INFO  o.e.m.j.internal.DownloadSourcesJob - Downloaded sources for jakarta.inject:jakarta.inject-api:2.0.1
2025-03-17 14:36:10,454 [Worker-17: Download sources and javadoc] INFO  o.e.m.j.internal.DownloadSourcesJob - Downloaded sources for org.antlr:antlr4-runtime:4.13.0
2025-03-17 14:36:10,467 [Worker-17: Download sources and javadoc] INFO  o.e.m.j.internal.DownloadSourcesJob - Downloaded sources for org.springframework.data:spring-data-jpa:3.4.3
2025-03-17 14:36:10,487 [Worker-17: Download sources and javadoc] INFO  o.e.m.j.internal.DownloadSourcesJob - Downloaded sources for org.springframework.data:spring-data-commons:3.4.3
2025-03-17 14:36:10,499 [Worker-17: Download sources and javadoc] INFO  o.e.m.j.internal.DownloadSourcesJob - Downloaded sources for org.springframework:spring-orm:6.2.3
2025-03-17 14:36:10,512 [Worker-17: Download sources and javadoc] INFO  o.e.m.j.internal.DownloadSourcesJob - Downloaded sources for org.springframework:spring-context:6.2.3
2025-03-17 14:36:10,527 [Worker-17: Download sources and javadoc] INFO  o.e.m.j.internal.DownloadSourcesJob - Downloaded sources for org.springframework:spring-aop:6.2.3
2025-03-17 14:36:10,540 [Worker-17: Download sources and javadoc] INFO  o.e.m.j.internal.DownloadSourcesJob - Downloaded sources for org.springframework:spring-tx:6.2.3
2025-03-17 14:36:10,552 [Worker-17: Download sources and javadoc] INFO  o.e.m.j.internal.DownloadSourcesJob - Downloaded sources for org.springframework:spring-beans:6.2.3
2025-03-17 14:36:10,565 [Worker-17: Download sources and javadoc] INFO  o.e.m.j.internal.DownloadSourcesJob - Downloaded sources for org.slf4j:slf4j-api:2.0.16
2025-03-17 14:36:10,576 [Worker-17: Download sources and javadoc] INFO  o.e.m.j.internal.DownloadSourcesJob - Downloaded sources for org.springframework:spring-aspects:6.2.3
2025-03-17 14:36:10,589 [Worker-17: Download sources and javadoc] INFO  o.e.m.j.internal.DownloadSourcesJob - Downloaded sources for org.aspectj:aspectjweaver:1.9.22.1
2025-03-17 14:36:10,602 [Worker-17: Download sources and javadoc] INFO  o.e.m.j.internal.DownloadSourcesJob - Downloaded sources for org.springframework.boot:spring-boot-starter-web:3.4.3
2025-03-17 14:36:10,614 [Worker-17: Download sources and javadoc] INFO  o.e.m.j.internal.DownloadSourcesJob - Downloaded sources for org.springframework.boot:spring-boot-starter-json:3.4.3
2025-03-17 14:36:10,631 [Worker-17: Download sources and javadoc] INFO  o.e.m.j.internal.DownloadSourcesJob - Downloaded sources for com.fasterxml.jackson.core:jackson-databind:2.18.2
2025-03-17 14:36:10,648 [Worker-17: Download sources and javadoc] INFO  o.e.m.j.internal.DownloadSourcesJob - Downloaded sources for com.fasterxml.jackson.core:jackson-annotations:2.18.2
2025-03-17 14:36:10,664 [Worker-17: Download sources and javadoc] INFO  o.e.m.j.internal.DownloadSourcesJob - Downloaded sources for com.fasterxml.jackson.core:jackson-core:2.18.2
2025-03-17 14:36:10,682 [Worker-17: Download sources and javadoc] INFO  o.e.m.j.internal.DownloadSourcesJob - Downloaded sources for com.fasterxml.jackson.datatype:jackson-datatype-jdk8:2.18.2
2025-03-17 14:36:10,701 [Worker-17: Download sources and javadoc] INFO  o.e.m.j.internal.DownloadSourcesJob - Downloaded sources for com.fasterxml.jackson.datatype:jackson-datatype-jsr310:2.18.2
2025-03-17 14:36:10,717 [Worker-17: Download sources and javadoc] INFO  o.e.m.j.internal.DownloadSourcesJob - Downloaded sources for com.fasterxml.jackson.module:jackson-module-parameter-names:2.18.2
2025-03-17 14:36:10,735 [Worker-17: Download sources and javadoc] INFO  o.e.m.j.internal.DownloadSourcesJob - Downloaded sources for org.springframework.boot:spring-boot-starter-tomcat:3.4.3
2025-03-17 14:36:10,751 [Worker-17: Download sources and javadoc] INFO  o.e.m.j.internal.DownloadSourcesJob - Downloaded sources for org.apache.tomcat.embed:tomcat-embed-core:10.1.36
2025-03-17 14:36:10,770 [Worker-17: Download sources and javadoc] INFO  o.e.m.j.internal.DownloadSourcesJob - Downloaded sources for org.apache.tomcat.embed:tomcat-embed-el:10.1.36
2025-03-17 14:36:10,791 [Worker-17: Download sources and javadoc] INFO  o.e.m.j.internal.DownloadSourcesJob - Downloaded sources for org.apache.tomcat.embed:tomcat-embed-websocket:10.1.36
2025-03-17 14:36:10,814 [Worker-17: Download sources and javadoc] INFO  o.e.m.j.internal.DownloadSourcesJob - Downloaded sources for org.springframework:spring-web:6.2.3
2025-03-17 14:36:10,836 [Worker-17: Download sources and javadoc] INFO  o.e.m.j.internal.DownloadSourcesJob - Downloaded sources for io.micrometer:micrometer-observation:1.14.4
2025-03-17 14:36:10,859 [Worker-17: Download sources and javadoc] INFO  o.e.m.j.internal.DownloadSourcesJob - Downloaded sources for io.micrometer:micrometer-commons:1.14.4
2025-03-17 14:36:10,877 [Worker-17: Download sources and javadoc] INFO  o.e.m.j.internal.DownloadSourcesJob - Downloaded sources for org.springframework:spring-webmvc:6.2.3
2025-03-17 14:36:10,894 [Worker-17: Download sources and javadoc] INFO  o.e.m.j.internal.DownloadSourcesJob - Downloaded sources for org.springframework:spring-expression:6.2.3
2025-03-17 14:36:10,910 [Worker-17: Download sources and javadoc] INFO  o.e.m.j.internal.DownloadSourcesJob - Downloaded sources for com.mysql:mysql-connector-j:9.1.0
2025-03-17 14:36:10,927 [Worker-17: Download sources and javadoc] INFO  o.e.m.j.internal.DownloadSourcesJob - Downloaded sources for org.projectlombok:lombok:1.18.36
2025-03-17 14:36:10,943 [Worker-17: Download sources and javadoc] INFO  o.e.m.j.internal.DownloadSourcesJob - Downloaded sources for org.springframework.boot:spring-boot-starter-test:3.4.3
2025-03-17 14:36:10,959 [Worker-17: Download sources and javadoc] INFO  o.e.m.j.internal.DownloadSourcesJob - Downloaded sources for org.springframework.boot:spring-boot-test:3.4.3
2025-03-17 14:36:10,979 [Worker-17: Download sources and javadoc] INFO  o.e.m.j.internal.DownloadSourcesJob - Downloaded sources for org.springframework.boot:spring-boot-test-autoconfigure:3.4.3
2025-03-17 14:36:10,996 [Worker-17: Download sources and javadoc] INFO  o.e.m.j.internal.DownloadSourcesJob - Downloaded sources for com.jayway.jsonpath:json-path:2.9.0
2025-03-17 14:36:11,010 [Worker-17: Download sources and javadoc] INFO  o.e.m.j.internal.DownloadSourcesJob - Downloaded sources for jakarta.xml.bind:jakarta.xml.bind-api:4.0.2
2025-03-17 14:36:11,024 [Worker-17: Download sources and javadoc] INFO  o.e.m.j.internal.DownloadSourcesJob - Downloaded sources for jakarta.activation:jakarta.activation-api:2.1.3
2025-03-17 14:36:11,035 [Worker-17: Download sources and javadoc] INFO  o.e.m.j.internal.DownloadSourcesJob - Downloaded sources for net.minidev:json-smart:2.5.2
2025-03-17 14:36:11,048 [Worker-17: Download sources and javadoc] INFO  o.e.m.j.internal.DownloadSourcesJob - Downloaded sources for net.minidev:accessors-smart:2.5.2
2025-03-17 14:36:11,060 [Worker-17: Download sources and javadoc] INFO  o.e.m.j.internal.DownloadSourcesJob - Downloaded sources for org.ow2.asm:asm:9.7.1
2025-03-17 14:36:11,077 [Worker-17: Download sources and javadoc] INFO  o.e.m.j.internal.DownloadSourcesJob - Downloaded sources for org.assertj:assertj-core:3.26.3
2025-03-17 14:36:11,088 [Worker-17: Download sources and javadoc] INFO  o.e.m.j.internal.DownloadSourcesJob - Downloaded sources for org.awaitility:awaitility:4.2.2
2025-03-17 14:36:11,102 [Worker-17: Download sources and javadoc] INFO  o.e.m.j.internal.DownloadSourcesJob - Downloaded sources for org.hamcrest:hamcrest:2.2
2025-03-17 14:36:11,115 [Worker-17: Download sources and javadoc] INFO  o.e.m.j.internal.DownloadSourcesJob - Downloaded sources for org.junit.jupiter:junit-jupiter:5.11.4
2025-03-17 14:36:11,128 [Worker-17: Download sources and javadoc] INFO  o.e.m.j.internal.DownloadSourcesJob - Downloaded sources for org.junit.jupiter:junit-jupiter-api:5.11.4
2025-03-17 14:36:11,139 [Worker-17: Download sources and javadoc] INFO  o.e.m.j.internal.DownloadSourcesJob - Downloaded sources for org.opentest4j:opentest4j:1.3.0
2025-03-17 14:36:11,153 [Worker-17: Download sources and javadoc] INFO  o.e.m.j.internal.DownloadSourcesJob - Downloaded sources for org.junit.platform:junit-platform-commons:1.11.4
2025-03-17 14:36:11,164 [Worker-17: Download sources and javadoc] INFO  o.e.m.j.internal.DownloadSourcesJob - Downloaded sources for org.apiguardian:apiguardian-api:1.1.2
2025-03-17 14:36:11,175 [Worker-17: Download sources and javadoc] INFO  o.e.m.j.internal.DownloadSourcesJob - Downloaded sources for org.junit.jupiter:junit-jupiter-params:5.11.4
2025-03-17 14:36:11,191 [Worker-17: Download sources and javadoc] INFO  o.e.m.j.internal.DownloadSourcesJob - Downloaded sources for org.junit.jupiter:junit-jupiter-engine:5.11.4
2025-03-17 14:36:11,206 [Worker-17: Download sources and javadoc] INFO  o.e.m.j.internal.DownloadSourcesJob - Downloaded sources for org.junit.platform:junit-platform-engine:1.11.4
2025-03-17 14:36:11,221 [Worker-17: Download sources and javadoc] INFO  o.e.m.j.internal.DownloadSourcesJob - Downloaded sources for org.mockito:mockito-core:5.14.2
2025-03-17 14:36:11,239 [Worker-17: Download sources and javadoc] INFO  o.e.m.j.internal.DownloadSourcesJob - Downloaded sources for net.bytebuddy:byte-buddy-agent:1.15.11
2025-03-17 14:36:11,257 [Worker-17: Download sources and javadoc] INFO  o.e.m.j.internal.DownloadSourcesJob - Downloaded sources for org.objenesis:objenesis:3.3
2025-03-17 14:36:11,276 [Worker-17: Download sources and javadoc] INFO  o.e.m.j.internal.DownloadSourcesJob - Downloaded sources for org.mockito:mockito-junit-jupiter:5.14.2
2025-03-17 14:36:11,299 [Worker-17: Download sources and javadoc] INFO  o.e.m.j.internal.DownloadSourcesJob - Downloaded sources for org.skyscreamer:jsonassert:1.5.3
2025-03-17 14:36:11,316 [Worker-17: Download sources and javadoc] INFO  o.e.m.j.internal.DownloadSourcesJob - Downloaded sources for com.vaadin.external.google:android-json:0.0.20131108.vaadin1
2025-03-17 14:36:11,334 [Worker-17: Download sources and javadoc] INFO  o.e.m.j.internal.DownloadSourcesJob - Downloaded sources for org.springframework:spring-core:6.2.3
2025-03-17 14:36:11,350 [Worker-17: Download sources and javadoc] INFO  o.e.m.j.internal.DownloadSourcesJob - Downloaded sources for org.springframework:spring-jcl:6.2.3
2025-03-17 14:36:11,369 [Worker-17: Download sources and javadoc] INFO  o.e.m.j.internal.DownloadSourcesJob - Downloaded sources for org.springframework:spring-test:6.2.3
2025-03-17 14:36:11,384 [Worker-17: Download sources and javadoc] INFO  o.e.m.j.internal.DownloadSourcesJob - Downloaded sources for org.xmlunit:xmlunit-core:2.10.0
2025-03-17 14:36:18,054 [Worker-21: Updating Maven Project] INFO  o.e.m.c.i.p.ProjectConfigurationManager - Update started
2025-03-17 14:36:19,384 [Worker-21: Updating Maven Project] INFO  o.e.m.c.i.l.LifecycleMappingFactory - Using org.eclipse.m2e.jdt.JarLifecycleMapping lifecycle mapping for MavenProject: com.app:todo-management:0.0.1-SNAPSHOT @ E:\Projects\to-do-management\todo-management\pom.xml.
2025-03-17 14:36:21,156 [Worker-21: Updating Maven Project] INFO  o.e.m.j.i.AbstractJavaProjectConfigurator - Adding source folder /todo-management/src/main/java
2025-03-17 14:36:21,158 [Worker-21: Updating Maven Project] INFO  o.e.m.j.i.AbstractJavaProjectConfigurator - Adding resource folder /todo-management/src/main/resources
2025-03-17 14:36:21,159 [Worker-21: Updating Maven Project] INFO  o.e.m.j.i.AbstractJavaProjectConfigurator - Adding resource folder /todo-management/src/main/resources
2025-03-17 14:36:21,160 [Worker-21: Updating Maven Project] INFO  o.e.m.j.i.AbstractJavaProjectConfigurator - Adding source folder /todo-management/src/test/java
2025-03-17 14:36:21,162 [Worker-21: Updating Maven Project] INFO  o.e.m.j.i.AbstractJavaProjectConfigurator - Adding resource folder /todo-management/src/test/resources
2025-03-17 14:36:21,640 [Worker-21: Updating Maven Project] INFO  o.e.m.c.i.p.ProjectConfigurationManager - Update completed for 1 poms: local refresh takes 0.00 sec, refresh facades takes 2.00 sec, update config takes 0.00 sec 
2025-03-17 14:36:22,368 [Worker-18: Building] INFO  o.a.m.s.f.DefaultMavenResourcesFiltering - Copying 1 resource from src\main\resources to target\classes
2025-03-17 14:36:22,396 [Worker-18: Building] INFO  o.a.m.s.f.DefaultMavenResourcesFiltering - Copying 0 resource from src\main\resources to target\classes
2025-03-17 14:36:22,404 [Worker-18: Building] INFO  o.a.m.s.f.DefaultMavenResourcesFiltering - skip non existing resourceDirectory E:\Projects\to-do-management\todo-management\src\test\resources
2025-03-17 14:36:45,112 [Worker-17: Launching todo-management - TodoManagementApplication] INFO  o.a.m.s.f.DefaultMavenResourcesFiltering - Copying 1 resource from src\main\resources to target\classes
2025-03-17 14:36:45,149 [Worker-17: Launching todo-management - TodoManagementApplication] INFO  o.a.m.s.f.DefaultMavenResourcesFiltering - Copying 0 resource from src\main\resources to target\classes
2025-03-17 14:36:45,153 [Worker-17: Launching todo-management - TodoManagementApplication] INFO  o.a.m.s.f.DefaultMavenResourcesFiltering - skip non existing resourceDirectory E:\Projects\to-do-management\todo-management\src\test\resources
2025-03-17 14:39:29,683 [Worker-26: Building] INFO  o.a.m.s.f.DefaultMavenResourcesFiltering - Copying 1 resource from src\main\resources to target\classes
2025-03-17 14:39:29,699 [Worker-26: Building] INFO  o.a.m.s.f.DefaultMavenResourcesFiltering - Copying 0 resource from src\main\resources to target\classes
2025-03-17 14:39:29,702 [Worker-26: Building] INFO  o.a.m.s.f.DefaultMavenResourcesFiltering - skip non existing resourceDirectory E:\Projects\to-do-management\todo-management\src\test\resources
2025-03-17 14:39:39,458 [Worker-17: Updating Maven Project] INFO  o.e.m.c.i.p.ProjectConfigurationManager - Update started
2025-03-17 14:39:40,398 [Worker-17: Updating Maven Project] INFO  o.e.m.c.i.l.LifecycleMappingFactory - Using org.eclipse.m2e.jdt.JarLifecycleMapping lifecycle mapping for MavenProject: com.app:todo-management:0.0.1-SNAPSHOT @ E:\Projects\to-do-management\todo-management\pom.xml.
2025-03-17 14:39:41,625 [Worker-17: Updating Maven Project] INFO  o.e.m.j.i.AbstractJavaProjectConfigurator - Adding source folder /todo-management/src/main/java
2025-03-17 14:39:41,626 [Worker-17: Updating Maven Project] INFO  o.e.m.j.i.AbstractJavaProjectConfigurator - Adding resource folder /todo-management/src/main/resources
2025-03-17 14:39:41,627 [Worker-17: Updating Maven Project] INFO  o.e.m.j.i.AbstractJavaProjectConfigurator - Adding resource folder /todo-management/src/main/resources
2025-03-17 14:39:41,628 [Worker-17: Updating Maven Project] INFO  o.e.m.j.i.AbstractJavaProjectConfigurator - Adding source folder /todo-management/src/test/java
2025-03-17 14:39:41,629 [Worker-17: Updating Maven Project] INFO  o.e.m.j.i.AbstractJavaProjectConfigurator - Adding resource folder /todo-management/src/test/resources
2025-03-17 14:39:42,099 [Worker-17: Updating Maven Project] INFO  o.e.m.c.i.p.ProjectConfigurationManager - Update completed for 1 poms: local refresh takes 0.00 sec, refresh facades takes 2.00 sec, update config takes 0.00 sec 
2025-03-17 14:39:42,650 [Worker-22: Building] INFO  o.a.m.s.f.DefaultMavenResourcesFiltering - Copying 1 resource from src\main\resources to target\classes
2025-03-17 14:39:42,669 [Worker-22: Building] INFO  o.a.m.s.f.DefaultMavenResourcesFiltering - Copying 0 resource from src\main\resources to target\classes
2025-03-17 14:39:42,676 [Worker-22: Building] INFO  o.a.m.s.f.DefaultMavenResourcesFiltering - skip non existing resourceDirectory E:\Projects\to-do-management\todo-management\src\test\resources
2025-03-17 14:39:49,371 [Worker-26: Launching Executing verify in E__Projects_to-do-management_todo-management] INFO  o.eclipse.m2e.core.internal.Bundles - getClasspathEntries(Bundle=org.eclipse.m2e.maven.runtime_3.9.700.20240602-2313 [359])
2025-03-17 14:39:49,376 [Worker-26: Launching Executing verify in E__Projects_to-do-management_todo-management] INFO  o.eclipse.m2e.core.internal.Bundles - 	Entry: E:\sf\spring-tool-suite-4-4.24.0.RELEASE-e4.32.0-win32.win32.x86_64.self-extracting\contents\sts-4.24.0.RELEASE\plugins\org.eclipse.m2e.maven.runtime_3.9.700.20240602-2313
2025-03-17 14:39:49,376 [Worker-26: Launching Executing verify in E__Projects_to-do-management_todo-management] INFO  o.eclipse.m2e.core.internal.Bundles - 	Entry: E:\sf\spring-tool-suite-4-4.24.0.RELEASE-e4.32.0-win32.win32.x86_64.self-extracting\contents\sts-4.24.0.RELEASE\plugins\org.eclipse.m2e.maven.runtime_3.9.700.20240602-2313\jars\aopalliance-1.0.jar
2025-03-17 14:39:49,376 [Worker-26: Launching Executing verify in E__Projects_to-do-management_todo-management] INFO  o.eclipse.m2e.core.internal.Bundles - 	Entry: E:\sf\spring-tool-suite-4-4.24.0.RELEASE-e4.32.0-win32.win32.x86_64.self-extracting\contents\sts-4.24.0.RELEASE\plugins\org.eclipse.m2e.maven.runtime_3.9.700.20240602-2313\jars\guice-5.1.0.jar
2025-03-17 14:39:49,376 [Worker-26: Launching Executing verify in E__Projects_to-do-management_todo-management] INFO  o.eclipse.m2e.core.internal.Bundles - 	Entry: E:\sf\spring-tool-suite-4-4.24.0.RELEASE-e4.32.0-win32.win32.x86_64.self-extracting\contents\sts-4.24.0.RELEASE\plugins\org.eclipse.m2e.maven.runtime_3.9.700.20240602-2313\jars\httpclient-4.5.14.jar
2025-03-17 14:39:49,376 [Worker-26: Launching Executing verify in E__Projects_to-do-management_todo-management] INFO  o.eclipse.m2e.core.internal.Bundles - 	Entry: E:\sf\spring-tool-suite-4-4.24.0.RELEASE-e4.32.0-win32.win32.x86_64.self-extracting\contents\sts-4.24.0.RELEASE\plugins\org.eclipse.m2e.maven.runtime_3.9.700.20240602-2313\jars\httpcore-4.4.16.jar
2025-03-17 14:39:49,376 [Worker-26: Launching Executing verify in E__Projects_to-do-management_todo-management] INFO  o.eclipse.m2e.core.internal.Bundles - 	Entry: E:\sf\spring-tool-suite-4-4.24.0.RELEASE-e4.32.0-win32.win32.x86_64.self-extracting\contents\sts-4.24.0.RELEASE\plugins\org.eclipse.m2e.maven.runtime_3.9.700.20240602-2313\jars\jansi-2.4.1.jar
2025-03-17 14:39:49,376 [Worker-26: Launching Executing verify in E__Projects_to-do-management_todo-management] INFO  o.eclipse.m2e.core.internal.Bundles - 	Entry: E:\sf\spring-tool-suite-4-4.24.0.RELEASE-e4.32.0-win32.win32.x86_64.self-extracting\contents\sts-4.24.0.RELEASE\plugins\org.eclipse.m2e.maven.runtime_3.9.700.20240602-2313\jars\jcl-over-slf4j-1.7.36.jar
2025-03-17 14:39:49,376 [Worker-26: Launching Executing verify in E__Projects_to-do-management_todo-management] INFO  o.eclipse.m2e.core.internal.Bundles - 	Entry: E:\sf\spring-tool-suite-4-4.24.0.RELEASE-e4.32.0-win32.win32.x86_64.self-extracting\contents\sts-4.24.0.RELEASE\plugins\org.eclipse.m2e.maven.runtime_3.9.700.20240602-2313\jars\maven-artifact-3.9.7.jar
2025-03-17 14:39:49,377 [Worker-26: Launching Executing verify in E__Projects_to-do-management_todo-management] INFO  o.eclipse.m2e.core.internal.Bundles - 	Entry: E:\sf\spring-tool-suite-4-4.24.0.RELEASE-e4.32.0-win32.win32.x86_64.self-extracting\contents\sts-4.24.0.RELEASE\plugins\org.eclipse.m2e.maven.runtime_3.9.700.20240602-2313\jars\maven-builder-support-3.9.7.jar
2025-03-17 14:39:49,377 [Worker-26: Launching Executing verify in E__Projects_to-do-management_todo-management] INFO  o.eclipse.m2e.core.internal.Bundles - 	Entry: E:\sf\spring-tool-suite-4-4.24.0.RELEASE-e4.32.0-win32.win32.x86_64.self-extracting\contents\sts-4.24.0.RELEASE\plugins\org.eclipse.m2e.maven.runtime_3.9.700.20240602-2313\jars\maven-compat-3.9.7.jar
2025-03-17 14:39:49,377 [Worker-26: Launching Executing verify in E__Projects_to-do-management_todo-management] INFO  o.eclipse.m2e.core.internal.Bundles - 	Entry: E:\sf\spring-tool-suite-4-4.24.0.RELEASE-e4.32.0-win32.win32.x86_64.self-extracting\contents\sts-4.24.0.RELEASE\plugins\org.eclipse.m2e.maven.runtime_3.9.700.20240602-2313\jars\maven-core-3.9.7.jar
2025-03-17 14:39:49,377 [Worker-26: Launching Executing verify in E__Projects_to-do-management_todo-management] INFO  o.eclipse.m2e.core.internal.Bundles - 	Entry: E:\sf\spring-tool-suite-4-4.24.0.RELEASE-e4.32.0-win32.win32.x86_64.self-extracting\contents\sts-4.24.0.RELEASE\plugins\org.eclipse.m2e.maven.runtime_3.9.700.20240602-2313\jars\maven-embedder-3.9.7.jar
2025-03-17 14:39:49,377 [Worker-26: Launching Executing verify in E__Projects_to-do-management_todo-management] INFO  o.eclipse.m2e.core.internal.Bundles - 	Entry: E:\sf\spring-tool-suite-4-4.24.0.RELEASE-e4.32.0-win32.win32.x86_64.self-extracting\contents\sts-4.24.0.RELEASE\plugins\org.eclipse.m2e.maven.runtime_3.9.700.20240602-2313\jars\maven-model-3.9.7.jar
2025-03-17 14:39:49,377 [Worker-26: Launching Executing verify in E__Projects_to-do-management_todo-management] INFO  o.eclipse.m2e.core.internal.Bundles - 	Entry: E:\sf\spring-tool-suite-4-4.24.0.RELEASE-e4.32.0-win32.win32.x86_64.self-extracting\contents\sts-4.24.0.RELEASE\plugins\org.eclipse.m2e.maven.runtime_3.9.700.20240602-2313\jars\maven-model-builder-3.9.7.jar
2025-03-17 14:39:49,377 [Worker-26: Launching Executing verify in E__Projects_to-do-management_todo-management] INFO  o.eclipse.m2e.core.internal.Bundles - 	Entry: E:\sf\spring-tool-suite-4-4.24.0.RELEASE-e4.32.0-win32.win32.x86_64.self-extracting\contents\sts-4.24.0.RELEASE\plugins\org.eclipse.m2e.maven.runtime_3.9.700.20240602-2313\jars\maven-plugin-api-3.9.7.jar
2025-03-17 14:39:49,377 [Worker-26: Launching Executing verify in E__Projects_to-do-management_todo-management] INFO  o.eclipse.m2e.core.internal.Bundles - 	Entry: E:\sf\spring-tool-suite-4-4.24.0.RELEASE-e4.32.0-win32.win32.x86_64.self-extracting\contents\sts-4.24.0.RELEASE\plugins\org.eclipse.m2e.maven.runtime_3.9.700.20240602-2313\jars\maven-repository-metadata-3.9.7.jar
2025-03-17 14:39:49,378 [Worker-26: Launching Executing verify in E__Projects_to-do-management_todo-management] INFO  o.eclipse.m2e.core.internal.Bundles - 	Entry: E:\sf\spring-tool-suite-4-4.24.0.RELEASE-e4.32.0-win32.win32.x86_64.self-extracting\contents\sts-4.24.0.RELEASE\plugins\org.eclipse.m2e.maven.runtime_3.9.700.20240602-2313\jars\maven-resolver-api-1.9.20.jar
2025-03-17 14:39:49,378 [Worker-26: Launching Executing verify in E__Projects_to-do-management_todo-management] INFO  o.eclipse.m2e.core.internal.Bundles - 	Entry: E:\sf\spring-tool-suite-4-4.24.0.RELEASE-e4.32.0-win32.win32.x86_64.self-extracting\contents\sts-4.24.0.RELEASE\plugins\org.eclipse.m2e.maven.runtime_3.9.700.20240602-2313\jars\maven-resolver-connector-basic-1.9.20.jar
2025-03-17 14:39:49,378 [Worker-26: Launching Executing verify in E__Projects_to-do-management_todo-management] INFO  o.eclipse.m2e.core.internal.Bundles - 	Entry: E:\sf\spring-tool-suite-4-4.24.0.RELEASE-e4.32.0-win32.win32.x86_64.self-extracting\contents\sts-4.24.0.RELEASE\plugins\org.eclipse.m2e.maven.runtime_3.9.700.20240602-2313\jars\maven-resolver-impl-1.9.20.jar
2025-03-17 14:39:49,378 [Worker-26: Launching Executing verify in E__Projects_to-do-management_todo-management] INFO  o.eclipse.m2e.core.internal.Bundles - 	Entry: E:\sf\spring-tool-suite-4-4.24.0.RELEASE-e4.32.0-win32.win32.x86_64.self-extracting\contents\sts-4.24.0.RELEASE\plugins\org.eclipse.m2e.maven.runtime_3.9.700.20240602-2313\jars\maven-resolver-named-locks-1.9.20.jar
2025-03-17 14:39:49,378 [Worker-26: Launching Executing verify in E__Projects_to-do-management_todo-management] INFO  o.eclipse.m2e.core.internal.Bundles - 	Entry: E:\sf\spring-tool-suite-4-4.24.0.RELEASE-e4.32.0-win32.win32.x86_64.self-extracting\contents\sts-4.24.0.RELEASE\plugins\org.eclipse.m2e.maven.runtime_3.9.700.20240602-2313\jars\maven-resolver-provider-3.9.7.jar
2025-03-17 14:39:49,378 [Worker-26: Launching Executing verify in E__Projects_to-do-management_todo-management] INFO  o.eclipse.m2e.core.internal.Bundles - 	Entry: E:\sf\spring-tool-suite-4-4.24.0.RELEASE-e4.32.0-win32.win32.x86_64.self-extracting\contents\sts-4.24.0.RELEASE\plugins\org.eclipse.m2e.maven.runtime_3.9.700.20240602-2313\jars\maven-resolver-spi-1.9.20.jar
2025-03-17 14:39:49,378 [Worker-26: Launching Executing verify in E__Projects_to-do-management_todo-management] INFO  o.eclipse.m2e.core.internal.Bundles - 	Entry: E:\sf\spring-tool-suite-4-4.24.0.RELEASE-e4.32.0-win32.win32.x86_64.self-extracting\contents\sts-4.24.0.RELEASE\plugins\org.eclipse.m2e.maven.runtime_3.9.700.20240602-2313\jars\maven-resolver-transport-file-1.9.20.jar
2025-03-17 14:39:49,378 [Worker-26: Launching Executing verify in E__Projects_to-do-management_todo-management] INFO  o.eclipse.m2e.core.internal.Bundles - 	Entry: E:\sf\spring-tool-suite-4-4.24.0.RELEASE-e4.32.0-win32.win32.x86_64.self-extracting\contents\sts-4.24.0.RELEASE\plugins\org.eclipse.m2e.maven.runtime_3.9.700.20240602-2313\jars\maven-resolver-transport-http-1.9.20.jar
2025-03-17 14:39:49,378 [Worker-26: Launching Executing verify in E__Projects_to-do-management_todo-management] INFO  o.eclipse.m2e.core.internal.Bundles - 	Entry: E:\sf\spring-tool-suite-4-4.24.0.RELEASE-e4.32.0-win32.win32.x86_64.self-extracting\contents\sts-4.24.0.RELEASE\plugins\org.eclipse.m2e.maven.runtime_3.9.700.20240602-2313\jars\maven-resolver-transport-wagon-1.9.20.jar
2025-03-17 14:39:49,378 [Worker-26: Launching Executing verify in E__Projects_to-do-management_todo-management] INFO  o.eclipse.m2e.core.internal.Bundles - 	Entry: E:\sf\spring-tool-suite-4-4.24.0.RELEASE-e4.32.0-win32.win32.x86_64.self-extracting\contents\sts-4.24.0.RELEASE\plugins\org.eclipse.m2e.maven.runtime_3.9.700.20240602-2313\jars\maven-resolver-util-1.9.20.jar
2025-03-17 14:39:49,378 [Worker-26: Launching Executing verify in E__Projects_to-do-management_todo-management] INFO  o.eclipse.m2e.core.internal.Bundles - 	Entry: E:\sf\spring-tool-suite-4-4.24.0.RELEASE-e4.32.0-win32.win32.x86_64.self-extracting\contents\sts-4.24.0.RELEASE\plugins\org.eclipse.m2e.maven.runtime_3.9.700.20240602-2313\jars\maven-settings-3.9.7.jar
2025-03-17 14:39:49,378 [Worker-26: Launching Executing verify in E__Projects_to-do-management_todo-management] INFO  o.eclipse.m2e.core.internal.Bundles - 	Entry: E:\sf\spring-tool-suite-4-4.24.0.RELEASE-e4.32.0-win32.win32.x86_64.self-extracting\contents\sts-4.24.0.RELEASE\plugins\org.eclipse.m2e.maven.runtime_3.9.700.20240602-2313\jars\maven-settings-builder-3.9.7.jar
2025-03-17 14:39:49,379 [Worker-26: Launching Executing verify in E__Projects_to-do-management_todo-management] INFO  o.eclipse.m2e.core.internal.Bundles - 	Entry: E:\sf\spring-tool-suite-4-4.24.0.RELEASE-e4.32.0-win32.win32.x86_64.self-extracting\contents\sts-4.24.0.RELEASE\plugins\org.eclipse.m2e.maven.runtime_3.9.700.20240602-2313\jars\maven-shared-utils-3.4.2.jar
2025-03-17 14:39:49,379 [Worker-26: Launching Executing verify in E__Projects_to-do-management_todo-management] INFO  o.eclipse.m2e.core.internal.Bundles - 	Entry: E:\sf\spring-tool-suite-4-4.24.0.RELEASE-e4.32.0-win32.win32.x86_64.self-extracting\contents\sts-4.24.0.RELEASE\plugins\org.eclipse.m2e.maven.runtime_3.9.700.20240602-2313\jars\org.eclipse.sisu.inject-0.9.0.M2.jar
2025-03-17 14:39:49,379 [Worker-26: Launching Executing verify in E__Projects_to-do-management_todo-management] INFO  o.eclipse.m2e.core.internal.Bundles - 	Entry: E:\sf\spring-tool-suite-4-4.24.0.RELEASE-e4.32.0-win32.win32.x86_64.self-extracting\contents\sts-4.24.0.RELEASE\plugins\org.eclipse.m2e.maven.runtime_3.9.700.20240602-2313\jars\org.eclipse.sisu.plexus-0.9.0.M2.jar
2025-03-17 14:39:49,379 [Worker-26: Launching Executing verify in E__Projects_to-do-management_todo-management] INFO  o.eclipse.m2e.core.internal.Bundles - 	Entry: E:\sf\spring-tool-suite-4-4.24.0.RELEASE-e4.32.0-win32.win32.x86_64.self-extracting\contents\sts-4.24.0.RELEASE\plugins\org.eclipse.m2e.maven.runtime_3.9.700.20240602-2313\jars\plexus-build-api-0.0.7.jar
2025-03-17 14:39:49,379 [Worker-26: Launching Executing verify in E__Projects_to-do-management_todo-management] INFO  o.eclipse.m2e.core.internal.Bundles - 	Entry: E:\sf\spring-tool-suite-4-4.24.0.RELEASE-e4.32.0-win32.win32.x86_64.self-extracting\contents\sts-4.24.0.RELEASE\plugins\org.eclipse.m2e.maven.runtime_3.9.700.20240602-2313\jars\plexus-build-api-1.2.0.jar
2025-03-17 14:39:49,379 [Worker-26: Launching Executing verify in E__Projects_to-do-management_todo-management] INFO  o.eclipse.m2e.core.internal.Bundles - 	Entry: E:\sf\spring-tool-suite-4-4.24.0.RELEASE-e4.32.0-win32.win32.x86_64.self-extracting\contents\sts-4.24.0.RELEASE\plugins\org.eclipse.m2e.maven.runtime_3.9.700.20240602-2313\jars\plexus-cipher-2.0.jar
2025-03-17 14:39:49,379 [Worker-26: Launching Executing verify in E__Projects_to-do-management_todo-management] INFO  o.eclipse.m2e.core.internal.Bundles - 	Entry: E:\sf\spring-tool-suite-4-4.24.0.RELEASE-e4.32.0-win32.win32.x86_64.self-extracting\contents\sts-4.24.0.RELEASE\plugins\org.eclipse.m2e.maven.runtime_3.9.700.20240602-2313\jars\plexus-classworlds-2.8.0.jar
2025-03-17 14:39:49,379 [Worker-26: Launching Executing verify in E__Projects_to-do-management_todo-management] INFO  o.eclipse.m2e.core.internal.Bundles - 	Entry: E:\sf\spring-tool-suite-4-4.24.0.RELEASE-e4.32.0-win32.win32.x86_64.self-extracting\contents\sts-4.24.0.RELEASE\plugins\org.eclipse.m2e.maven.runtime_3.9.700.20240602-2313\jars\plexus-component-annotations-2.1.0.jar
2025-03-17 14:39:49,380 [Worker-26: Launching Executing verify in E__Projects_to-do-management_todo-management] INFO  o.eclipse.m2e.core.internal.Bundles - 	Entry: E:\sf\spring-tool-suite-4-4.24.0.RELEASE-e4.32.0-win32.win32.x86_64.self-extracting\contents\sts-4.24.0.RELEASE\plugins\org.eclipse.m2e.maven.runtime_3.9.700.20240602-2313\jars\plexus-interpolation-1.27.jar
2025-03-17 14:39:49,380 [Worker-26: Launching Executing verify in E__Projects_to-do-management_todo-management] INFO  o.eclipse.m2e.core.internal.Bundles - 	Entry: E:\sf\spring-tool-suite-4-4.24.0.RELEASE-e4.32.0-win32.win32.x86_64.self-extracting\contents\sts-4.24.0.RELEASE\plugins\org.eclipse.m2e.maven.runtime_3.9.700.20240602-2313\jars\plexus-sec-dispatcher-2.0.jar
2025-03-17 14:39:49,380 [Worker-26: Launching Executing verify in E__Projects_to-do-management_todo-management] INFO  o.eclipse.m2e.core.internal.Bundles - 	Entry: E:\sf\spring-tool-suite-4-4.24.0.RELEASE-e4.32.0-win32.win32.x86_64.self-extracting\contents\sts-4.24.0.RELEASE\plugins\org.eclipse.m2e.maven.runtime_3.9.700.20240602-2313\jars\plexus-utils-3.5.1.jar
2025-03-17 14:39:49,380 [Worker-26: Launching Executing verify in E__Projects_to-do-management_todo-management] INFO  o.eclipse.m2e.core.internal.Bundles - 	Entry: E:\sf\spring-tool-suite-4-4.24.0.RELEASE-e4.32.0-win32.win32.x86_64.self-extracting\contents\sts-4.24.0.RELEASE\plugins\org.eclipse.m2e.maven.runtime_3.9.700.20240602-2313\jars\wagon-file-3.5.3.jar
2025-03-17 14:39:49,380 [Worker-26: Launching Executing verify in E__Projects_to-do-management_todo-management] INFO  o.eclipse.m2e.core.internal.Bundles - 	Entry: E:\sf\spring-tool-suite-4-4.24.0.RELEASE-e4.32.0-win32.win32.x86_64.self-extracting\contents\sts-4.24.0.RELEASE\plugins\org.eclipse.m2e.maven.runtime_3.9.700.20240602-2313\jars\wagon-http-3.5.3.jar
2025-03-17 14:39:49,380 [Worker-26: Launching Executing verify in E__Projects_to-do-management_todo-management] INFO  o.eclipse.m2e.core.internal.Bundles - 	Entry: E:\sf\spring-tool-suite-4-4.24.0.RELEASE-e4.32.0-win32.win32.x86_64.self-extracting\contents\sts-4.24.0.RELEASE\plugins\org.eclipse.m2e.maven.runtime_3.9.700.20240602-2313\jars\wagon-http-shared-3.5.3.jar
2025-03-17 14:39:49,380 [Worker-26: Launching Executing verify in E__Projects_to-do-management_todo-management] INFO  o.eclipse.m2e.core.internal.Bundles - 	Entry: E:\sf\spring-tool-suite-4-4.24.0.RELEASE-e4.32.0-win32.win32.x86_64.self-extracting\contents\sts-4.24.0.RELEASE\plugins\org.eclipse.m2e.maven.runtime_3.9.700.20240602-2313\jars\wagon-provider-api-3.5.3.jar
2025-03-17 14:39:49,381 [Worker-26: Launching Executing verify in E__Projects_to-do-management_todo-management] INFO  o.eclipse.m2e.core.internal.Bundles - getClasspathEntries(Bundle=com.google.guava_33.3.0.jre [596])
2025-03-17 14:39:49,384 [Worker-26: Launching Executing verify in E__Projects_to-do-management_todo-management] INFO  o.eclipse.m2e.core.internal.Bundles - 	Entry: E:\sf\spring-tool-suite-4-4.24.0.RELEASE-e4.32.0-win32.win32.x86_64.self-extracting\contents\sts-4.24.0.RELEASE\plugins\com.google.guava_33.3.0.jre.jar
2025-03-17 14:39:49,384 [Worker-26: Launching Executing verify in E__Projects_to-do-management_todo-management] INFO  o.eclipse.m2e.core.internal.Bundles - getClasspathEntries(Bundle=slf4j.api_2.0.16 [687])
2025-03-17 14:39:49,385 [Worker-26: Launching Executing verify in E__Projects_to-do-management_todo-management] INFO  o.eclipse.m2e.core.internal.Bundles - 	Entry: E:\sf\spring-tool-suite-4-4.24.0.RELEASE-e4.32.0-win32.win32.x86_64.self-extracting\contents\sts-4.24.0.RELEASE\plugins\slf4j.api_2.0.16.jar
2025-03-17 14:39:49,385 [Worker-26: Launching Executing verify in E__Projects_to-do-management_todo-management] INFO  o.eclipse.m2e.core.internal.Bundles - getClasspathEntries(Bundle=jakarta.inject.jakarta.inject-api_1.0.5 [44])
2025-03-17 14:39:49,386 [Worker-26: Launching Executing verify in E__Projects_to-do-management_todo-management] INFO  o.eclipse.m2e.core.internal.Bundles - 	Entry: E:\sf\spring-tool-suite-4-4.24.0.RELEASE-e4.32.0-win32.win32.x86_64.self-extracting\contents\sts-4.24.0.RELEASE\plugins\jakarta.inject.jakarta.inject-api_1.0.5.jar
2025-03-17 14:39:49,386 [Worker-26: Launching Executing verify in E__Projects_to-do-management_todo-management] INFO  o.eclipse.m2e.core.internal.Bundles - getClasspathEntries(Bundle=javax.annotation_1.3.5.v20200909-1856 [53])
2025-03-17 14:39:49,386 [Worker-26: Launching Executing verify in E__Projects_to-do-management_todo-management] INFO  o.eclipse.m2e.core.internal.Bundles - 	Entry: E:\sf\spring-tool-suite-4-4.24.0.RELEASE-e4.32.0-win32.win32.x86_64.self-extracting\contents\sts-4.24.0.RELEASE\plugins\javax.annotation_1.3.5.v20200909-1856.jar
2025-03-17 14:39:49,386 [Worker-26: Launching Executing verify in E__Projects_to-do-management_todo-management] INFO  o.eclipse.m2e.core.internal.Bundles - getClasspathEntries(Bundle=org.apache.commons.cli_1.8.0 [76])
2025-03-17 14:39:49,387 [Worker-26: Launching Executing verify in E__Projects_to-do-management_todo-management] INFO  o.eclipse.m2e.core.internal.Bundles - 	Entry: E:\sf\spring-tool-suite-4-4.24.0.RELEASE-e4.32.0-win32.win32.x86_64.self-extracting\contents\sts-4.24.0.RELEASE\plugins\org.apache.commons.cli_1.8.0.jar
2025-03-17 14:39:49,387 [Worker-26: Launching Executing verify in E__Projects_to-do-management_todo-management] INFO  o.eclipse.m2e.core.internal.Bundles - getClasspathEntries(Bundle=org.apache.commons.commons-codec_1.16.0 [78])
2025-03-17 14:39:49,388 [Worker-26: Launching Executing verify in E__Projects_to-do-management_todo-management] INFO  o.eclipse.m2e.core.internal.Bundles - 	Entry: E:\sf\spring-tool-suite-4-4.24.0.RELEASE-e4.32.0-win32.win32.x86_64.self-extracting\contents\sts-4.24.0.RELEASE\plugins\org.apache.commons.commons-codec_1.16.0.jar
2025-03-17 14:39:49,388 [Worker-26: Launching Executing verify in E__Projects_to-do-management_todo-management] INFO  o.eclipse.m2e.core.internal.Bundles - getClasspathEntries(Bundle=org.apache.commons.lang3_3.14.0 [82])
2025-03-17 14:39:49,389 [Worker-26: Launching Executing verify in E__Projects_to-do-management_todo-management] INFO  o.eclipse.m2e.core.internal.Bundles - 	Entry: E:\sf\spring-tool-suite-4-4.24.0.RELEASE-e4.32.0-win32.win32.x86_64.self-extracting\contents\sts-4.24.0.RELEASE\plugins\org.apache.commons.lang3_3.14.0.jar
2025-03-17 14:39:49,389 [Worker-26: Launching Executing verify in E__Projects_to-do-management_todo-management] INFO  o.eclipse.m2e.core.internal.Bundles - getClasspathEntries(Bundle=com.google.guava.failureaccess_1.0.2 [30])
2025-03-17 14:39:49,391 [Worker-26: Launching Executing verify in E__Projects_to-do-management_todo-management] INFO  o.eclipse.m2e.core.internal.Bundles - 	Entry: E:\sf\spring-tool-suite-4-4.24.0.RELEASE-e4.32.0-win32.win32.x86_64.self-extracting\contents\sts-4.24.0.RELEASE\plugins\com.google.guava.failureaccess_1.0.2.jar
2025-03-17 14:39:49,396 [Worker-26: Launching Executing verify in E__Projects_to-do-management_todo-management] INFO  o.e.m.i.launch.MavenLaunchDelegate - Run build in "E:\Projects\to-do-management\todo-management":
2025-03-17 14:39:49,397 [Worker-26: Launching Executing verify in E__Projects_to-do-management_todo-management] INFO  o.e.m.i.launch.MavenLaunchDelegate -  mvn  -Ppom.xml -B -Dstyle.color=always verify
